{"C:\\FlutterProjects\\TicketEase\\backend_nodejs\\app.js": {"path":"C:\\FlutterProjects\\TicketEase\\backend_nodejs\\app.js","statementMap":{"0":{"start":{"line":1,"column":16},"end":{"line":1,"column":34}},"1":{"start":{"line":2,"column":13},"end":{"line":2,"column":28}},"2":{"start":{"line":3,"column":0},"end":{"line":3,"column":27}},"3":{"start":{"line":5,"column":12},"end":{"line":5,"column":21}},"4":{"start":{"line":6,"column":25},"end":{"line":6,"column":50}},"5":{"start":{"line":7,"column":15},"end":{"line":7,"column":33}},"6":{"start":{"line":9,"column":0},"end":{"line":9,"column":26}},"7":{"start":{"line":21,"column":0},"end":{"line":21,"column":51}},"8":{"start":{"line":22,"column":0},"end":{"line":22,"column":24}},"9":{"start":{"line":24,"column":19},"end":{"line":24,"column":47}},"10":{"start":{"line":25,"column":21},"end":{"line":25,"column":51}},"11":{"start":{"line":26,"column":23},"end":{"line":26,"column":55}},"12":{"start":{"line":27,"column":26},"end":{"line":27,"column":61}},"13":{"start":{"line":28,"column":19},"end":{"line":28,"column":47}},"14":{"start":{"line":29,"column":28},"end":{"line":29,"column":65}},"15":{"start":{"line":30,"column":20},"end":{"line":30,"column":56}},"16":{"start":{"line":31,"column":22},"end":{"line":31,"column":60}},"17":{"start":{"line":32,"column":22},"end":{"line":32,"column":54}},"18":{"start":{"line":33,"column":22},"end":{"line":33,"column":54}},"19":{"start":{"line":34,"column":26},"end":{"line":34,"column":61}},"20":{"start":{"line":35,"column":23},"end":{"line":35,"column":66}},"21":{"start":{"line":37,"column":0},"end":{"line":37,"column":33}},"22":{"start":{"line":38,"column":0},"end":{"line":38,"column":53}},"23":{"start":{"line":39,"column":0},"end":{"line":39,"column":57}},"24":{"start":{"line":40,"column":0},"end":{"line":40,"column":63}},"25":{"start":{"line":41,"column":0},"end":{"line":41,"column":49}},"26":{"start":{"line":42,"column":0},"end":{"line":42,"column":67}},"27":{"start":{"line":43,"column":0},"end":{"line":43,"column":59}},"28":{"start":{"line":44,"column":0},"end":{"line":44,"column":63}},"29":{"start":{"line":45,"column":0},"end":{"line":45,"column":56}},"30":{"start":{"line":46,"column":0},"end":{"line":46,"column":56}},"31":{"start":{"line":47,"column":0},"end":{"line":47,"column":59}},"32":{"start":{"line":49,"column":0},"end":{"line":52,"column":3}},"33":{"start":{"line":50,"column":2},"end":{"line":50,"column":49}},"34":{"start":{"line":51,"column":2},"end":{"line":51,"column":55}},"35":{"start":{"line":55,"column":0},"end":{"line":63,"column":3}},"36":{"start":{"line":56,"column":2},"end":{"line":62,"column":3}},"37":{"start":{"line":57,"column":4},"end":{"line":57,"column":28}},"38":{"start":{"line":58,"column":4},"end":{"line":58,"column":56}},"39":{"start":{"line":60,"column":4},"end":{"line":60,"column":23}},"40":{"start":{"line":61,"column":4},"end":{"line":61,"column":53}},"41":{"start":{"line":65,"column":0},"end":{"line":65,"column":21}}},"fnMap":{"0":{"name":"(anonymous_0)","decl":{"start":{"line":49,"column":8},"end":{"line":49,"column":9}},"loc":{"start":{"line":49,"column":28},"end":{"line":52,"column":1}},"line":49},"1":{"name":"(anonymous_1)","decl":{"start":{"line":55,"column":24},"end":{"line":55,"column":25}},"loc":{"start":{"line":55,"column":44},"end":{"line":63,"column":1}},"line":55}},"branchMap":{},"s":{"0":5,"1":5,"2":5,"3":5,"4":5,"5":5,"6":5,"7":5,"8":5,"9":5,"10":5,"11":5,"12":5,"13":5,"14":5,"15":5,"16":5,"17":5,"18":5,"19":5,"20":5,"21":5,"22":5,"23":5,"24":5,"25":5,"26":5,"27":5,"28":5,"29":5,"30":5,"31":5,"32":5,"33":1,"34":1,"35":5,"36":0,"37":0,"38":0,"39":0,"40":0,"41":5},"f":{"0":1,"1":0},"b":{},"_coverageSchema":"1a1c01bbd47fc00a2c39e90264f33305004495a9","hash":"9ca0684b338144ce096e260371ce833e7c4e63ba"}
,"C:\\FlutterProjects\\TicketEase\\backend_nodejs\\src\\controllers\\attractionsController.js": {"path":"C:\\FlutterProjects\\TicketEase\\backend_nodejs\\src\\controllers\\attractionsController.js","statementMap":{"0":{"start":{"line":2,"column":25},"end":{"line":2,"column":50}},"1":{"start":{"line":3,"column":15},"end":{"line":3,"column":33}},"2":{"start":{"line":5,"column":29},"end":{"line":16,"column":1}},"3":{"start":{"line":6,"column":2},"end":{"line":15,"column":3}},"4":{"start":{"line":7,"column":24},"end":{"line":10,"column":6}},"5":{"start":{"line":11,"column":4},"end":{"line":11,"column":26}},"6":{"start":{"line":14,"column":4},"end":{"line":14,"column":67}},"7":{"start":{"line":18,"column":26},"end":{"line":27,"column":1}},"8":{"start":{"line":19,"column":2},"end":{"line":26,"column":3}},"9":{"start":{"line":20,"column":24},"end":{"line":21,"column":6}},"10":{"start":{"line":22,"column":4},"end":{"line":22,"column":26}},"11":{"start":{"line":25,"column":4},"end":{"line":25,"column":67}},"12":{"start":{"line":29,"column":0},"end":{"line":32,"column":2}}},"fnMap":{"0":{"name":"(anonymous_0)","decl":{"start":{"line":5,"column":29},"end":{"line":5,"column":30}},"loc":{"start":{"line":5,"column":49},"end":{"line":16,"column":1}},"line":5},"1":{"name":"(anonymous_1)","decl":{"start":{"line":18,"column":26},"end":{"line":18,"column":27}},"loc":{"start":{"line":18,"column":46},"end":{"line":27,"column":1}},"line":18}},"branchMap":{},"s":{"0":5,"1":5,"2":5,"3":0,"4":0,"5":0,"6":0,"7":5,"8":0,"9":0,"10":0,"11":0,"12":5},"f":{"0":0,"1":0},"b":{},"_coverageSchema":"1a1c01bbd47fc00a2c39e90264f33305004495a9","hash":"30c0f201c143979b4bb7ae302bfd8de3c0b8d3c5"}
,"C:\\FlutterProjects\\TicketEase\\backend_nodejs\\src\\controllers\\authController.js": {"path":"C:\\FlutterProjects\\TicketEase\\backend_nodejs\\src\\controllers\\authController.js","statementMap":{"0":{"start":{"line":3,"column":25},"end":{"line":3,"column":50}},"1":{"start":{"line":4,"column":15},"end":{"line":4,"column":33}},"2":{"start":{"line":5,"column":40},"end":{"line":5,"column":70}},"3":{"start":{"line":6,"column":22},"end":{"line":6,"column":58}},"4":{"start":{"line":7,"column":44},"end":{"line":7,"column":78}},"5":{"start":{"line":8,"column":12},"end":{"line":8,"column":35}},"6":{"start":{"line":9,"column":19},"end":{"line":9,"column":41}},"7":{"start":{"line":11,"column":15},"end":{"line":44,"column":1}},"8":{"start":{"line":12,"column":34},"end":{"line":12,"column":42}},"9":{"start":{"line":14,"column":2},"end":{"line":16,"column":3}},"10":{"start":{"line":15,"column":4},"end":{"line":15,"column":72}},"11":{"start":{"line":18,"column":2},"end":{"line":43,"column":3}},"12":{"start":{"line":19,"column":21},"end":{"line":23,"column":6}},"13":{"start":{"line":25,"column":4},"end":{"line":29,"column":5}},"14":{"start":{"line":26,"column":6},"end":{"line":28,"column":9}},"15":{"start":{"line":31,"column":16},"end":{"line":31,"column":29}},"16":{"start":{"line":32,"column":4},"end":{"line":32,"column":30}},"17":{"start":{"line":33,"column":4},"end":{"line":33,"column":32}},"18":{"start":{"line":35,"column":4},"end":{"line":37,"column":7}},"19":{"start":{"line":39,"column":4},"end":{"line":39,"column":57}},"20":{"start":{"line":41,"column":4},"end":{"line":41,"column":42}},"21":{"start":{"line":42,"column":4},"end":{"line":42,"column":61}},"22":{"start":{"line":46,"column":19},"end":{"line":69,"column":1}},"23":{"start":{"line":48,"column":25},"end":{"line":48,"column":39}},"24":{"start":{"line":49,"column":2},"end":{"line":49,"column":86}},"25":{"start":{"line":49,"column":19},"end":{"line":49,"column":86}},"26":{"start":{"line":51,"column":2},"end":{"line":67,"column":3}},"27":{"start":{"line":52,"column":20},"end":{"line":52,"column":44}},"28":{"start":{"line":53,"column":21},"end":{"line":53,"column":46}},"29":{"start":{"line":55,"column":4},"end":{"line":55,"column":81}},"30":{"start":{"line":55,"column":18},"end":{"line":55,"column":81}},"31":{"start":{"line":57,"column":16},"end":{"line":57,"column":29}},"32":{"start":{"line":58,"column":4},"end":{"line":58,"column":35}},"33":{"start":{"line":60,"column":4},"end":{"line":60,"column":50}},"34":{"start":{"line":60,"column":17},"end":{"line":60,"column":50}},"35":{"start":{"line":63,"column":4},"end":{"line":63,"column":57}},"36":{"start":{"line":65,"column":4},"end":{"line":65,"column":23}},"37":{"start":{"line":66,"column":4},"end":{"line":66,"column":63}},"38":{"start":{"line":71,"column":14},"end":{"line":90,"column":1}},"39":{"start":{"line":72,"column":20},"end":{"line":72,"column":28}},"40":{"start":{"line":73,"column":2},"end":{"line":73,"column":43}},"41":{"start":{"line":75,"column":2},"end":{"line":89,"column":3}},"42":{"start":{"line":76,"column":17},"end":{"line":76,"column":67}},"43":{"start":{"line":77,"column":4},"end":{"line":77,"column":42}},"44":{"start":{"line":79,"column":4},"end":{"line":79,"column":74}},"45":{"start":{"line":79,"column":15},"end":{"line":79,"column":74}},"46":{"start":{"line":81,"column":16},"end":{"line":81,"column":29}},"47":{"start":{"line":82,"column":4},"end":{"line":82,"column":30}},"48":{"start":{"line":83,"column":4},"end":{"line":83,"column":32}},"49":{"start":{"line":85,"column":4},"end":{"line":85,"column":50}},"50":{"start":{"line":87,"column":4},"end":{"line":87,"column":44}},"51":{"start":{"line":88,"column":4},"end":{"line":88,"column":51}},"52":{"start":{"line":92,"column":22},"end":{"line":138,"column":1}},"53":{"start":{"line":93,"column":30},"end":{"line":93,"column":44}},"54":{"start":{"line":94,"column":2},"end":{"line":96,"column":3}},"55":{"start":{"line":95,"column":4},"end":{"line":95,"column":80}},"56":{"start":{"line":99,"column":2},"end":{"line":137,"column":3}},"57":{"start":{"line":100,"column":20},"end":{"line":100,"column":66}},"58":{"start":{"line":101,"column":4},"end":{"line":103,"column":5}},"59":{"start":{"line":102,"column":6},"end":{"line":102,"column":73}},"60":{"start":{"line":104,"column":4},"end":{"line":107,"column":7}},"61":{"start":{"line":110,"column":17},"end":{"line":112,"column":6}},"62":{"start":{"line":114,"column":4},"end":{"line":116,"column":5}},"63":{"start":{"line":115,"column":6},"end":{"line":115,"column":84}},"64":{"start":{"line":118,"column":4},"end":{"line":121,"column":7}},"65":{"start":{"line":123,"column":20},"end":{"line":123,"column":39}},"66":{"start":{"line":124,"column":18},"end":{"line":128,"column":5}},"67":{"start":{"line":133,"column":4},"end":{"line":133,"column":70}},"68":{"start":{"line":136,"column":4},"end":{"line":136,"column":51}},"69":{"start":{"line":140,"column":0},"end":{"line":145,"column":2}}},"fnMap":{"0":{"name":"(anonymous_0)","decl":{"start":{"line":11,"column":15},"end":{"line":11,"column":16}},"loc":{"start":{"line":11,"column":35},"end":{"line":44,"column":1}},"line":11},"1":{"name":"(anonymous_1)","decl":{"start":{"line":46,"column":19},"end":{"line":46,"column":20}},"loc":{"start":{"line":46,"column":39},"end":{"line":69,"column":1}},"line":46},"2":{"name":"(anonymous_2)","decl":{"start":{"line":71,"column":14},"end":{"line":71,"column":15}},"loc":{"start":{"line":71,"column":34},"end":{"line":90,"column":1}},"line":71},"3":{"name":"(anonymous_3)","decl":{"start":{"line":92,"column":22},"end":{"line":92,"column":23}},"loc":{"start":{"line":92,"column":42},"end":{"line":138,"column":1}},"line":92}},"branchMap":{"0":{"loc":{"start":{"line":14,"column":2},"end":{"line":16,"column":3}},"type":"if","locations":[{"start":{"line":14,"column":2},"end":{"line":16,"column":3}},{"start":{},"end":{}}],"line":14},"1":{"loc":{"start":{"line":14,"column":6},"end":{"line":14,"column":52}},"type":"binary-expr","locations":[{"start":{"line":14,"column":6},"end":{"line":14,"column":26}},{"start":{"line":14,"column":30},"end":{"line":14,"column":52}}],"line":14},"2":{"loc":{"start":{"line":25,"column":4},"end":{"line":29,"column":5}},"type":"if","locations":[{"start":{"line":25,"column":4},"end":{"line":29,"column":5}},{"start":{},"end":{}}],"line":25},"3":{"loc":{"start":{"line":48,"column":25},"end":{"line":48,"column":39}},"type":"binary-expr","locations":[{"start":{"line":48,"column":25},"end":{"line":48,"column":33}},{"start":{"line":48,"column":37},"end":{"line":48,"column":39}}],"line":48},"4":{"loc":{"start":{"line":49,"column":2},"end":{"line":49,"column":86}},"type":"if","locations":[{"start":{"line":49,"column":2},"end":{"line":49,"column":86}},{"start":{},"end":{}}],"line":49},"5":{"loc":{"start":{"line":55,"column":4},"end":{"line":55,"column":81}},"type":"if","locations":[{"start":{"line":55,"column":4},"end":{"line":55,"column":81}},{"start":{},"end":{}}],"line":55},"6":{"loc":{"start":{"line":60,"column":4},"end":{"line":60,"column":50}},"type":"if","locations":[{"start":{"line":60,"column":4},"end":{"line":60,"column":50}},{"start":{},"end":{}}],"line":60},"7":{"loc":{"start":{"line":79,"column":4},"end":{"line":79,"column":74}},"type":"if","locations":[{"start":{"line":79,"column":4},"end":{"line":79,"column":74}},{"start":{},"end":{}}],"line":79},"8":{"loc":{"start":{"line":93,"column":30},"end":{"line":93,"column":44}},"type":"binary-expr","locations":[{"start":{"line":93,"column":30},"end":{"line":93,"column":38}},{"start":{"line":93,"column":42},"end":{"line":93,"column":44}}],"line":93},"9":{"loc":{"start":{"line":94,"column":2},"end":{"line":96,"column":3}},"type":"if","locations":[{"start":{"line":94,"column":2},"end":{"line":96,"column":3}},{"start":{},"end":{}}],"line":94},"10":{"loc":{"start":{"line":94,"column":6},"end":{"line":94,"column":25}},"type":"binary-expr","locations":[{"start":{"line":94,"column":6},"end":{"line":94,"column":17}},{"start":{"line":94,"column":21},"end":{"line":94,"column":25}}],"line":94},"11":{"loc":{"start":{"line":101,"column":4},"end":{"line":103,"column":5}},"type":"if","locations":[{"start":{"line":101,"column":4},"end":{"line":103,"column":5}},{"start":{},"end":{}}],"line":101},"12":{"loc":{"start":{"line":114,"column":4},"end":{"line":116,"column":5}},"type":"if","locations":[{"start":{"line":114,"column":4},"end":{"line":116,"column":5}},{"start":{},"end":{}}],"line":114}},"s":{"0":5,"1":5,"2":5,"3":5,"4":5,"5":5,"6":5,"7":5,"8":2,"9":2,"10":0,"11":2,"12":2,"13":2,"14":2,"15":0,"16":0,"17":0,"18":0,"19":0,"20":0,"21":0,"22":5,"23":1,"24":1,"25":0,"26":1,"27":1,"28":1,"29":1,"30":0,"31":1,"32":1,"33":1,"34":1,"35":1,"36":0,"37":0,"38":5,"39":1,"40":1,"41":1,"42":1,"43":1,"44":1,"45":0,"46":1,"47":1,"48":1,"49":1,"50":0,"51":0,"52":5,"53":1,"54":1,"55":0,"56":1,"57":1,"58":1,"59":1,"60":0,"61":0,"62":0,"63":0,"64":0,"65":0,"66":0,"67":0,"68":0,"69":5},"f":{"0":2,"1":1,"2":1,"3":1},"b":{"0":[0,2],"1":[2,2],"2":[2,0],"3":[1,0],"4":[0,1],"5":[0,1],"6":[1,0],"7":[0,1],"8":[1,0],"9":[0,1],"10":[1,1],"11":[1,0],"12":[0,0]},"_coverageSchema":"1a1c01bbd47fc00a2c39e90264f33305004495a9","hash":"03df4b6d93871305d88745f2ec86ae8648105544"}
,"C:\\FlutterProjects\\TicketEase\\backend_nodejs\\src\\controllers\\bookingController.js": {"path":"C:\\FlutterProjects\\TicketEase\\backend_nodejs\\src\\controllers\\bookingController.js","statementMap":{"0":{"start":{"line":1,"column":15},"end":{"line":1,"column":40}},"1":{"start":{"line":3,"column":22},"end":{"line":121,"column":1}},"2":{"start":{"line":5,"column":2},"end":{"line":120,"column":3}},"3":{"start":{"line":15,"column":8},"end":{"line":15,"column":16}},"4":{"start":{"line":17,"column":4},"end":{"line":22,"column":5}},"5":{"start":{"line":18,"column":6},"end":{"line":21,"column":9}},"6":{"start":{"line":24,"column":4},"end":{"line":24,"column":63}},"7":{"start":{"line":26,"column":22},"end":{"line":33,"column":5}},"8":{"start":{"line":34,"column":4},"end":{"line":36,"column":5}},"9":{"start":{"line":35,"column":6},"end":{"line":35,"column":77}},"10":{"start":{"line":39,"column":27},"end":{"line":39,"column":54}},"11":{"start":{"line":39,"column":49},"end":{"line":39,"column":53}},"12":{"start":{"line":40,"column":22},"end":{"line":43,"column":6}},"13":{"start":{"line":44,"column":26},"end":{"line":44,"column":81}},"14":{"start":{"line":44,"column":64},"end":{"line":44,"column":79}},"15":{"start":{"line":47,"column":23},"end":{"line":47,"column":45}},"16":{"start":{"line":47,"column":40},"end":{"line":47,"column":44}},"17":{"start":{"line":48,"column":24},"end":{"line":51,"column":6}},"18":{"start":{"line":52,"column":28},"end":{"line":52,"column":85}},"19":{"start":{"line":52,"column":68},"end":{"line":52,"column":83}},"20":{"start":{"line":54,"column":20},"end":{"line":111,"column":6}},"21":{"start":{"line":62,"column":38},"end":{"line":67,"column":13}},"22":{"start":{"line":70,"column":33},"end":{"line":75,"column":13}},"23":{"start":{"line":78,"column":38},"end":{"line":83,"column":13}},"24":{"start":{"line":86,"column":33},"end":{"line":91,"column":13}},"25":{"start":{"line":94,"column":48},"end":{"line":99,"column":13}},"26":{"start":{"line":102,"column":43},"end":{"line":107,"column":13}},"27":{"start":{"line":113,"column":4},"end":{"line":113,"column":50}},"28":{"start":{"line":114,"column":4},"end":{"line":114,"column":67}},"29":{"start":{"line":117,"column":4},"end":{"line":117,"column":61}},"30":{"start":{"line":118,"column":4},"end":{"line":118,"column":51}},"31":{"start":{"line":118,"column":18},"end":{"line":118,"column":51}},"32":{"start":{"line":119,"column":4},"end":{"line":119,"column":92}},"33":{"start":{"line":123,"column":24},"end":{"line":137,"column":1}},"34":{"start":{"line":124,"column":2},"end":{"line":136,"column":3}},"35":{"start":{"line":125,"column":21},"end":{"line":128,"column":6}},"36":{"start":{"line":129,"column":4},"end":{"line":131,"column":5}},"37":{"start":{"line":130,"column":6},"end":{"line":130,"column":68}},"38":{"start":{"line":132,"column":4},"end":{"line":132,"column":35}},"39":{"start":{"line":134,"column":4},"end":{"line":134,"column":49}},"40":{"start":{"line":135,"column":4},"end":{"line":135,"column":54}},"41":{"start":{"line":139,"column":0},"end":{"line":139,"column":51}}},"fnMap":{"0":{"name":"(anonymous_0)","decl":{"start":{"line":3,"column":22},"end":{"line":3,"column":23}},"loc":{"start":{"line":3,"column":42},"end":{"line":121,"column":1}},"line":3},"1":{"name":"(anonymous_1)","decl":{"start":{"line":39,"column":44},"end":{"line":39,"column":45}},"loc":{"start":{"line":39,"column":49},"end":{"line":39,"column":53}},"line":39},"2":{"name":"(anonymous_2)","decl":{"start":{"line":44,"column":59},"end":{"line":44,"column":60}},"loc":{"start":{"line":44,"column":64},"end":{"line":44,"column":79}},"line":44},"3":{"name":"(anonymous_3)","decl":{"start":{"line":47,"column":35},"end":{"line":47,"column":36}},"loc":{"start":{"line":47,"column":40},"end":{"line":47,"column":44}},"line":47},"4":{"name":"(anonymous_4)","decl":{"start":{"line":52,"column":63},"end":{"line":52,"column":64}},"loc":{"start":{"line":52,"column":68},"end":{"line":52,"column":83}},"line":52},"5":{"name":"(anonymous_5)","decl":{"start":{"line":62,"column":32},"end":{"line":62,"column":33}},"loc":{"start":{"line":62,"column":38},"end":{"line":67,"column":13}},"line":62},"6":{"name":"(anonymous_6)","decl":{"start":{"line":70,"column":27},"end":{"line":70,"column":28}},"loc":{"start":{"line":70,"column":33},"end":{"line":75,"column":13}},"line":70},"7":{"name":"(anonymous_7)","decl":{"start":{"line":78,"column":31},"end":{"line":78,"column":32}},"loc":{"start":{"line":78,"column":38},"end":{"line":83,"column":13}},"line":78},"8":{"name":"(anonymous_8)","decl":{"start":{"line":86,"column":26},"end":{"line":86,"column":27}},"loc":{"start":{"line":86,"column":33},"end":{"line":91,"column":13}},"line":86},"9":{"name":"(anonymous_9)","decl":{"start":{"line":94,"column":42},"end":{"line":94,"column":43}},"loc":{"start":{"line":94,"column":48},"end":{"line":99,"column":13}},"line":94},"10":{"name":"(anonymous_10)","decl":{"start":{"line":102,"column":37},"end":{"line":102,"column":38}},"loc":{"start":{"line":102,"column":43},"end":{"line":107,"column":13}},"line":102},"11":{"name":"(anonymous_11)","decl":{"start":{"line":123,"column":24},"end":{"line":123,"column":25}},"loc":{"start":{"line":123,"column":44},"end":{"line":137,"column":1}},"line":123}},"branchMap":{"0":{"loc":{"start":{"line":8,"column":6},"end":{"line":8,"column":23}},"type":"default-arg","locations":[{"start":{"line":8,"column":21},"end":{"line":8,"column":23}}],"line":8},"1":{"loc":{"start":{"line":9,"column":6},"end":{"line":9,"column":18}},"type":"default-arg","locations":[{"start":{"line":9,"column":16},"end":{"line":9,"column":18}}],"line":9},"2":{"loc":{"start":{"line":10,"column":6},"end":{"line":10,"column":33}},"type":"default-arg","locations":[{"start":{"line":10,"column":31},"end":{"line":10,"column":33}}],"line":10},"3":{"loc":{"start":{"line":11,"column":6},"end":{"line":11,"column":28}},"type":"default-arg","locations":[{"start":{"line":11,"column":26},"end":{"line":11,"column":28}}],"line":11},"4":{"loc":{"start":{"line":12,"column":6},"end":{"line":12,"column":22}},"type":"default-arg","locations":[{"start":{"line":12,"column":20},"end":{"line":12,"column":22}}],"line":12},"5":{"loc":{"start":{"line":13,"column":6},"end":{"line":13,"column":17}},"type":"default-arg","locations":[{"start":{"line":13,"column":15},"end":{"line":13,"column":17}}],"line":13},"6":{"loc":{"start":{"line":17,"column":4},"end":{"line":22,"column":5}},"type":"if","locations":[{"start":{"line":17,"column":4},"end":{"line":22,"column":5}},{"start":{},"end":{}}],"line":17},"7":{"loc":{"start":{"line":17,"column":8},"end":{"line":17,"column":25}},"type":"binary-expr","locations":[{"start":{"line":17,"column":8},"end":{"line":17,"column":15}},{"start":{"line":17,"column":19},"end":{"line":17,"column":25}}],"line":17},"8":{"loc":{"start":{"line":34,"column":4},"end":{"line":36,"column":5}},"type":"if","locations":[{"start":{"line":34,"column":4},"end":{"line":36,"column":5}},{"start":{},"end":{}}],"line":34},"9":{"loc":{"start":{"line":34,"column":8},"end":{"line":34,"column":51}},"type":"binary-expr","locations":[{"start":{"line":34,"column":8},"end":{"line":34,"column":29}},{"start":{"line":34,"column":33},"end":{"line":34,"column":51}}],"line":34},"10":{"loc":{"start":{"line":65,"column":28},"end":{"line":65,"column":52}},"type":"binary-expr","locations":[{"start":{"line":65,"column":28},"end":{"line":65,"column":47}},{"start":{"line":65,"column":51},"end":{"line":65,"column":52}}],"line":65},"11":{"loc":{"start":{"line":73,"column":28},"end":{"line":73,"column":54}},"type":"binary-expr","locations":[{"start":{"line":73,"column":28},"end":{"line":73,"column":49}},{"start":{"line":73,"column":53},"end":{"line":73,"column":54}}],"line":73},"12":{"loc":{"start":{"line":118,"column":4},"end":{"line":118,"column":51}},"type":"if","locations":[{"start":{"line":118,"column":4},"end":{"line":118,"column":51}},{"start":{},"end":{}}],"line":118},"13":{"loc":{"start":{"line":129,"column":4},"end":{"line":131,"column":5}},"type":"if","locations":[{"start":{"line":129,"column":4},"end":{"line":131,"column":5}},{"start":{},"end":{}}],"line":129},"14":{"loc":{"start":{"line":129,"column":8},"end":{"line":129,"column":42}},"type":"binary-expr","locations":[{"start":{"line":129,"column":8},"end":{"line":129,"column":17}},{"start":{"line":129,"column":21},"end":{"line":129,"column":42}}],"line":129}},"s":{"0":5,"1":5,"2":1,"3":1,"4":1,"5":1,"6":0,"7":0,"8":0,"9":0,"10":0,"11":0,"12":0,"13":0,"14":0,"15":0,"16":0,"17":0,"18":0,"19":0,"20":0,"21":0,"22":0,"23":0,"24":0,"25":0,"26":0,"27":0,"28":0,"29":0,"30":0,"31":0,"32":0,"33":5,"34":1,"35":1,"36":1,"37":1,"38":0,"39":0,"40":0,"41":5},"f":{"0":1,"1":0,"2":0,"3":0,"4":0,"5":0,"6":0,"7":0,"8":0,"9":0,"10":0,"11":1},"b":{"0":[1],"1":[1],"2":[1],"3":[1],"4":[1],"5":[1],"6":[1,0],"7":[1,0],"8":[0,0],"9":[0,0],"10":[0,0],"11":[0,0],"12":[0,0],"13":[1,0],"14":[1,1]},"_coverageSchema":"1a1c01bbd47fc00a2c39e90264f33305004495a9","hash":"848f45c1f5dd019020df627168e6b33b0235fb4d"}
,"C:\\FlutterProjects\\TicketEase\\backend_nodejs\\src\\controllers\\entryTicketsController.js": {"path":"C:\\FlutterProjects\\TicketEase\\backend_nodejs\\src\\controllers\\entryTicketsController.js","statementMap":{"0":{"start":{"line":1,"column":15},"end":{"line":1,"column":40}},"1":{"start":{"line":4,"column":27},"end":{"line":14,"column":1}},"2":{"start":{"line":5,"column":2},"end":{"line":13,"column":3}},"3":{"start":{"line":6,"column":20},"end":{"line":6,"column":55}},"4":{"start":{"line":7,"column":4},"end":{"line":9,"column":5}},"5":{"start":{"line":8,"column":6},"end":{"line":8,"column":83}},"6":{"start":{"line":10,"column":4},"end":{"line":10,"column":22}},"7":{"start":{"line":12,"column":4},"end":{"line":12,"column":68}},"8":{"start":{"line":16,"column":0},"end":{"line":16,"column":36}}},"fnMap":{"0":{"name":"(anonymous_0)","decl":{"start":{"line":4,"column":27},"end":{"line":4,"column":28}},"loc":{"start":{"line":4,"column":47},"end":{"line":14,"column":1}},"line":4}},"branchMap":{"0":{"loc":{"start":{"line":7,"column":4},"end":{"line":9,"column":5}},"type":"if","locations":[{"start":{"line":7,"column":4},"end":{"line":9,"column":5}},{"start":{},"end":{}}],"line":7}},"s":{"0":5,"1":5,"2":0,"3":0,"4":0,"5":0,"6":0,"7":0,"8":5},"f":{"0":0},"b":{"0":[0,0]},"_coverageSchema":"1a1c01bbd47fc00a2c39e90264f33305004495a9","hash":"1414354eee6ccada1d05d3d724bf4db2bf397fcd"}
,"C:\\FlutterProjects\\TicketEase\\backend_nodejs\\src\\controllers\\moviesController.js": {"path":"C:\\FlutterProjects\\TicketEase\\backend_nodejs\\src\\controllers\\moviesController.js","statementMap":{"0":{"start":{"line":2,"column":15},"end":{"line":2,"column":37}},"1":{"start":{"line":4,"column":24},"end":{"line":17,"column":1}},"2":{"start":{"line":5,"column":2},"end":{"line":16,"column":3}},"3":{"start":{"line":6,"column":19},"end":{"line":9,"column":6}},"4":{"start":{"line":10,"column":4},"end":{"line":12,"column":5}},"5":{"start":{"line":11,"column":6},"end":{"line":11,"column":76}},"6":{"start":{"line":13,"column":4},"end":{"line":13,"column":21}},"7":{"start":{"line":15,"column":4},"end":{"line":15,"column":14}},"8":{"start":{"line":19,"column":21},"end":{"line":29,"column":1}},"9":{"start":{"line":20,"column":2},"end":{"line":28,"column":3}},"10":{"start":{"line":21,"column":19},"end":{"line":21,"column":48}},"11":{"start":{"line":22,"column":4},"end":{"line":24,"column":5}},"12":{"start":{"line":23,"column":6},"end":{"line":23,"column":76}},"13":{"start":{"line":25,"column":4},"end":{"line":25,"column":21}},"14":{"start":{"line":27,"column":4},"end":{"line":27,"column":62}},"15":{"start":{"line":31,"column":0},"end":{"line":34,"column":2}}},"fnMap":{"0":{"name":"(anonymous_0)","decl":{"start":{"line":4,"column":24},"end":{"line":4,"column":25}},"loc":{"start":{"line":4,"column":50},"end":{"line":17,"column":1}},"line":4},"1":{"name":"(anonymous_1)","decl":{"start":{"line":19,"column":21},"end":{"line":19,"column":22}},"loc":{"start":{"line":19,"column":41},"end":{"line":29,"column":1}},"line":19}},"branchMap":{"0":{"loc":{"start":{"line":10,"column":4},"end":{"line":12,"column":5}},"type":"if","locations":[{"start":{"line":10,"column":4},"end":{"line":12,"column":5}},{"start":{},"end":{}}],"line":10},"1":{"loc":{"start":{"line":22,"column":4},"end":{"line":24,"column":5}},"type":"if","locations":[{"start":{"line":22,"column":4},"end":{"line":24,"column":5}},{"start":{},"end":{}}],"line":22}},"s":{"0":5,"1":5,"2":0,"3":0,"4":0,"5":0,"6":0,"7":0,"8":5,"9":1,"10":1,"11":1,"12":1,"13":0,"14":0,"15":5},"f":{"0":0,"1":1},"b":{"0":[0,0],"1":[1,0]},"_coverageSchema":"1a1c01bbd47fc00a2c39e90264f33305004495a9","hash":"ecfa69c05bcdaf0956eb5dc15827953b5ea8cbaa"}
,"C:\\FlutterProjects\\TicketEase\\backend_nodejs\\src\\controllers\\newsController.js": {"path":"C:\\FlutterProjects\\TicketEase\\backend_nodejs\\src\\controllers\\newsController.js","statementMap":{"0":{"start":{"line":2,"column":15},"end":{"line":2,"column":37}},"1":{"start":{"line":4,"column":16},"end":{"line":17,"column":1}},"2":{"start":{"line":5,"column":2},"end":{"line":16,"column":3}},"3":{"start":{"line":6,"column":17},"end":{"line":9,"column":6}},"4":{"start":{"line":10,"column":4},"end":{"line":12,"column":5}},"5":{"start":{"line":11,"column":6},"end":{"line":11,"column":74}},"6":{"start":{"line":13,"column":4},"end":{"line":13,"column":19}},"7":{"start":{"line":15,"column":4},"end":{"line":15,"column":14}},"8":{"start":{"line":19,"column":19},"end":{"line":29,"column":1}},"9":{"start":{"line":20,"column":2},"end":{"line":28,"column":3}},"10":{"start":{"line":21,"column":18},"end":{"line":21,"column":75}},"11":{"start":{"line":22,"column":4},"end":{"line":24,"column":5}},"12":{"start":{"line":23,"column":6},"end":{"line":23,"column":74}},"13":{"start":{"line":25,"column":4},"end":{"line":25,"column":20}},"14":{"start":{"line":27,"column":4},"end":{"line":27,"column":14}},"15":{"start":{"line":31,"column":0},"end":{"line":34,"column":2}}},"fnMap":{"0":{"name":"(anonymous_0)","decl":{"start":{"line":4,"column":16},"end":{"line":4,"column":17}},"loc":{"start":{"line":4,"column":42},"end":{"line":17,"column":1}},"line":4},"1":{"name":"(anonymous_1)","decl":{"start":{"line":19,"column":19},"end":{"line":19,"column":20}},"loc":{"start":{"line":19,"column":45},"end":{"line":29,"column":1}},"line":19}},"branchMap":{"0":{"loc":{"start":{"line":10,"column":4},"end":{"line":12,"column":5}},"type":"if","locations":[{"start":{"line":10,"column":4},"end":{"line":12,"column":5}},{"start":{},"end":{}}],"line":10},"1":{"loc":{"start":{"line":22,"column":4},"end":{"line":24,"column":5}},"type":"if","locations":[{"start":{"line":22,"column":4},"end":{"line":24,"column":5}},{"start":{},"end":{}}],"line":22}},"s":{"0":5,"1":5,"2":0,"3":0,"4":0,"5":0,"6":0,"7":0,"8":5,"9":0,"10":0,"11":0,"12":0,"13":0,"14":0,"15":5},"f":{"0":0,"1":0},"b":{"0":[0,0],"1":[0,0]},"_coverageSchema":"1a1c01bbd47fc00a2c39e90264f33305004495a9","hash":"5894a388f0b9aeb976e8216fe7773bc868692604"}
,"C:\\FlutterProjects\\TicketEase\\backend_nodejs\\src\\controllers\\notificationController.js": {"path":"C:\\FlutterProjects\\TicketEase\\backend_nodejs\\src\\controllers\\notificationController.js","statementMap":{"0":{"start":{"line":3,"column":25},"end":{"line":3,"column":50}},"1":{"start":{"line":4,"column":15},"end":{"line":4,"column":33}},"2":{"start":{"line":7,"column":29},"end":{"line":20,"column":1}},"3":{"start":{"line":8,"column":2},"end":{"line":19,"column":3}},"4":{"start":{"line":9,"column":19},"end":{"line":9,"column":30}},"5":{"start":{"line":10,"column":17},"end":{"line":13,"column":6}},"6":{"start":{"line":14,"column":4},"end":{"line":14,"column":19}},"7":{"start":{"line":17,"column":4},"end":{"line":17,"column":23}},"8":{"start":{"line":18,"column":4},"end":{"line":18,"column":69}},"9":{"start":{"line":23,"column":23},"end":{"line":35,"column":1}},"10":{"start":{"line":24,"column":2},"end":{"line":34,"column":3}},"11":{"start":{"line":25,"column":19},"end":{"line":25,"column":30}},"12":{"start":{"line":27,"column":18},"end":{"line":29,"column":6}},"13":{"start":{"line":30,"column":4},"end":{"line":30,"column":24}},"14":{"start":{"line":32,"column":4},"end":{"line":32,"column":23}},"15":{"start":{"line":33,"column":4},"end":{"line":33,"column":67}},"16":{"start":{"line":38,"column":29},"end":{"line":56,"column":1}},"17":{"start":{"line":39,"column":2},"end":{"line":55,"column":3}},"18":{"start":{"line":40,"column":20},"end":{"line":40,"column":47}},"19":{"start":{"line":42,"column":4},"end":{"line":44,"column":5}},"20":{"start":{"line":43,"column":6},"end":{"line":43,"column":72}},"21":{"start":{"line":46,"column":32},"end":{"line":49,"column":6}},"22":{"start":{"line":51,"column":4},"end":{"line":51,"column":67}},"23":{"start":{"line":53,"column":4},"end":{"line":53,"column":23}},"24":{"start":{"line":54,"column":4},"end":{"line":54,"column":76}},"25":{"start":{"line":59,"column":33},"end":{"line":72,"column":1}},"26":{"start":{"line":60,"column":2},"end":{"line":71,"column":3}},"27":{"start":{"line":61,"column":19},"end":{"line":61,"column":30}},"28":{"start":{"line":62,"column":4},"end":{"line":65,"column":7}},"29":{"start":{"line":66,"column":4},"end":{"line":66,"column":32}},"30":{"start":{"line":69,"column":4},"end":{"line":69,"column":23}},"31":{"start":{"line":70,"column":4},"end":{"line":70,"column":77}},"32":{"start":{"line":74,"column":0},"end":{"line":79,"column":2}}},"fnMap":{"0":{"name":"(anonymous_0)","decl":{"start":{"line":7,"column":29},"end":{"line":7,"column":30}},"loc":{"start":{"line":7,"column":55},"end":{"line":20,"column":1}},"line":7},"1":{"name":"(anonymous_1)","decl":{"start":{"line":23,"column":23},"end":{"line":23,"column":24}},"loc":{"start":{"line":23,"column":49},"end":{"line":35,"column":1}},"line":23},"2":{"name":"(anonymous_2)","decl":{"start":{"line":38,"column":29},"end":{"line":38,"column":30}},"loc":{"start":{"line":38,"column":49},"end":{"line":56,"column":1}},"line":38},"3":{"name":"(anonymous_3)","decl":{"start":{"line":59,"column":33},"end":{"line":59,"column":34}},"loc":{"start":{"line":59,"column":59},"end":{"line":72,"column":1}},"line":59}},"branchMap":{"0":{"loc":{"start":{"line":42,"column":4},"end":{"line":44,"column":5}},"type":"if","locations":[{"start":{"line":42,"column":4},"end":{"line":44,"column":5}},{"start":{},"end":{}}],"line":42}},"s":{"0":5,"1":5,"2":5,"3":0,"4":0,"5":0,"6":0,"7":0,"8":0,"9":5,"10":0,"11":0,"12":0,"13":0,"14":0,"15":0,"16":5,"17":0,"18":0,"19":0,"20":0,"21":0,"22":0,"23":0,"24":0,"25":5,"26":0,"27":0,"28":0,"29":0,"30":0,"31":0,"32":5},"f":{"0":0,"1":0,"2":0,"3":0},"b":{"0":[0,0]},"_coverageSchema":"1a1c01bbd47fc00a2c39e90264f33305004495a9","hash":"f2e35c2e3633f5c34ba48442e32a386fdb02dc73"}
,"C:\\FlutterProjects\\TicketEase\\backend_nodejs\\src\\controllers\\outreachController.js": {"path":"C:\\FlutterProjects\\TicketEase\\backend_nodejs\\src\\controllers\\outreachController.js","statementMap":{"0":{"start":{"line":2,"column":15},"end":{"line":2,"column":37}},"1":{"start":{"line":4,"column":27},"end":{"line":17,"column":1}},"2":{"start":{"line":5,"column":2},"end":{"line":16,"column":3}},"3":{"start":{"line":6,"column":17},"end":{"line":9,"column":6}},"4":{"start":{"line":10,"column":4},"end":{"line":12,"column":5}},"5":{"start":{"line":11,"column":6},"end":{"line":11,"column":78}},"6":{"start":{"line":13,"column":4},"end":{"line":13,"column":19}},"7":{"start":{"line":15,"column":4},"end":{"line":15,"column":14}},"8":{"start":{"line":19,"column":24},"end":{"line":29,"column":1}},"9":{"start":{"line":20,"column":2},"end":{"line":28,"column":3}},"10":{"start":{"line":21,"column":19},"end":{"line":21,"column":85}},"11":{"start":{"line":22,"column":4},"end":{"line":24,"column":5}},"12":{"start":{"line":23,"column":6},"end":{"line":23,"column":78}},"13":{"start":{"line":25,"column":4},"end":{"line":25,"column":21}},"14":{"start":{"line":27,"column":4},"end":{"line":27,"column":14}},"15":{"start":{"line":31,"column":0},"end":{"line":34,"column":2}}},"fnMap":{"0":{"name":"(anonymous_0)","decl":{"start":{"line":4,"column":27},"end":{"line":4,"column":28}},"loc":{"start":{"line":4,"column":53},"end":{"line":17,"column":1}},"line":4},"1":{"name":"(anonymous_1)","decl":{"start":{"line":19,"column":24},"end":{"line":19,"column":25}},"loc":{"start":{"line":19,"column":50},"end":{"line":29,"column":1}},"line":19}},"branchMap":{"0":{"loc":{"start":{"line":10,"column":4},"end":{"line":12,"column":5}},"type":"if","locations":[{"start":{"line":10,"column":4},"end":{"line":12,"column":5}},{"start":{},"end":{}}],"line":10},"1":{"loc":{"start":{"line":22,"column":4},"end":{"line":24,"column":5}},"type":"if","locations":[{"start":{"line":22,"column":4},"end":{"line":24,"column":5}},{"start":{},"end":{}}],"line":22}},"s":{"0":5,"1":5,"2":0,"3":0,"4":0,"5":0,"6":0,"7":0,"8":5,"9":0,"10":0,"11":0,"12":0,"13":0,"14":0,"15":5},"f":{"0":0,"1":0},"b":{"0":[0,0],"1":[0,0]},"_coverageSchema":"1a1c01bbd47fc00a2c39e90264f33305004495a9","hash":"901e1b0be4f0d3a8f638630ee19821bd6fc0800d"}
,"C:\\FlutterProjects\\TicketEase\\backend_nodejs\\src\\controllers\\parkingOptionsController.js": {"path":"C:\\FlutterProjects\\TicketEase\\backend_nodejs\\src\\controllers\\parkingOptionsController.js","statementMap":{"0":{"start":{"line":1,"column":15},"end":{"line":1,"column":40}},"1":{"start":{"line":3,"column":29},"end":{"line":13,"column":1}},"2":{"start":{"line":4,"column":2},"end":{"line":12,"column":3}},"3":{"start":{"line":5,"column":20},"end":{"line":5,"column":57}},"4":{"start":{"line":6,"column":4},"end":{"line":8,"column":5}},"5":{"start":{"line":7,"column":6},"end":{"line":7,"column":85}},"6":{"start":{"line":9,"column":4},"end":{"line":9,"column":22}},"7":{"start":{"line":11,"column":4},"end":{"line":11,"column":71}},"8":{"start":{"line":15,"column":0},"end":{"line":15,"column":38}}},"fnMap":{"0":{"name":"(anonymous_0)","decl":{"start":{"line":3,"column":29},"end":{"line":3,"column":30}},"loc":{"start":{"line":3,"column":49},"end":{"line":13,"column":1}},"line":3}},"branchMap":{"0":{"loc":{"start":{"line":6,"column":4},"end":{"line":8,"column":5}},"type":"if","locations":[{"start":{"line":6,"column":4},"end":{"line":8,"column":5}},{"start":{},"end":{}}],"line":6}},"s":{"0":5,"1":5,"2":0,"3":0,"4":0,"5":0,"6":0,"7":0,"8":5},"f":{"0":0},"b":{"0":[0,0]},"_coverageSchema":"1a1c01bbd47fc00a2c39e90264f33305004495a9","hash":"32c453e8b6d1ac2d400d0c7bb0ee6e363afc372a"}
,"C:\\FlutterProjects\\TicketEase\\backend_nodejs\\src\\controllers\\paymentController.js": {"path":"C:\\FlutterProjects\\TicketEase\\backend_nodejs\\src\\controllers\\paymentController.js","statementMap":{"0":{"start":{"line":1,"column":15},"end":{"line":1,"column":40}},"1":{"start":{"line":2,"column":23},"end":{"line":2,"column":38}},"2":{"start":{"line":4,"column":22},"end":{"line":37,"column":1}},"3":{"start":{"line":6,"column":2},"end":{"line":36,"column":3}},"4":{"start":{"line":7,"column":50},"end":{"line":7,"column":58}},"5":{"start":{"line":9,"column":4},"end":{"line":14,"column":5}},"6":{"start":{"line":10,"column":6},"end":{"line":13,"column":9}},"7":{"start":{"line":16,"column":20},"end":{"line":25,"column":6}},"8":{"start":{"line":27,"column":4},"end":{"line":30,"column":7}},"9":{"start":{"line":32,"column":4},"end":{"line":32,"column":53}},"10":{"start":{"line":34,"column":4},"end":{"line":34,"column":23}},"11":{"start":{"line":35,"column":4},"end":{"line":35,"column":70}},"12":{"start":{"line":39,"column":0},"end":{"line":39,"column":35}}},"fnMap":{"0":{"name":"(anonymous_0)","decl":{"start":{"line":4,"column":22},"end":{"line":4,"column":23}},"loc":{"start":{"line":4,"column":42},"end":{"line":37,"column":1}},"line":4}},"branchMap":{"0":{"loc":{"start":{"line":9,"column":4},"end":{"line":14,"column":5}},"type":"if","locations":[{"start":{"line":9,"column":4},"end":{"line":14,"column":5}},{"start":{},"end":{}}],"line":9},"1":{"loc":{"start":{"line":9,"column":8},"end":{"line":9,"column":26}},"type":"binary-expr","locations":[{"start":{"line":9,"column":8},"end":{"line":9,"column":15}},{"start":{"line":9,"column":19},"end":{"line":9,"column":26}}],"line":9}},"s":{"0":5,"1":5,"2":5,"3":0,"4":0,"5":0,"6":0,"7":0,"8":0,"9":0,"10":0,"11":0,"12":5},"f":{"0":0},"b":{"0":[0,0],"1":[0,0]},"_coverageSchema":"1a1c01bbd47fc00a2c39e90264f33305004495a9","hash":"3ae367db973fe994060b28e8816cced610fef62c"}
,"C:\\FlutterProjects\\TicketEase\\backend_nodejs\\src\\controllers\\userController.js": {"path":"C:\\FlutterProjects\\TicketEase\\backend_nodejs\\src\\controllers\\userController.js","statementMap":{"0":{"start":{"line":1,"column":15},"end":{"line":1,"column":37}},"1":{"start":{"line":3,"column":19},"end":{"line":72,"column":1}},"2":{"start":{"line":5,"column":2},"end":{"line":7,"column":3}},"3":{"start":{"line":6,"column":4},"end":{"line":6,"column":78}},"4":{"start":{"line":9,"column":17},"end":{"line":9,"column":28}},"5":{"start":{"line":11,"column":2},"end":{"line":71,"column":3}},"6":{"start":{"line":13,"column":17},"end":{"line":16,"column":6}},"7":{"start":{"line":18,"column":21},"end":{"line":24,"column":6}},"8":{"start":{"line":26,"column":22},"end":{"line":65,"column":6}},"9":{"start":{"line":27,"column":6},"end":{"line":27,"column":62}},"10":{"start":{"line":27,"column":53},"end":{"line":27,"column":59}},"11":{"start":{"line":28,"column":6},"end":{"line":32,"column":11}},"12":{"start":{"line":28,"column":61},"end":{"line":32,"column":7}},"13":{"start":{"line":34,"column":26},"end":{"line":36,"column":65}},"14":{"start":{"line":35,"column":21},"end":{"line":35,"column":60}},"15":{"start":{"line":36,"column":28},"end":{"line":36,"column":61}},"16":{"start":{"line":38,"column":28},"end":{"line":40,"column":65}},"17":{"start":{"line":39,"column":21},"end":{"line":39,"column":55}},"18":{"start":{"line":40,"column":28},"end":{"line":40,"column":61}},"19":{"start":{"line":42,"column":31},"end":{"line":44,"column":65}},"20":{"start":{"line":43,"column":21},"end":{"line":43,"column":58}},"21":{"start":{"line":44,"column":28},"end":{"line":44,"column":61}},"22":{"start":{"line":46,"column":26},"end":{"line":48,"column":65}},"23":{"start":{"line":47,"column":21},"end":{"line":47,"column":53}},"24":{"start":{"line":48,"column":28},"end":{"line":48,"column":61}},"25":{"start":{"line":50,"column":6},"end":{"line":64,"column":8}},"26":{"start":{"line":67,"column":4},"end":{"line":67,"column":44}},"27":{"start":{"line":69,"column":4},"end":{"line":69,"column":59}},"28":{"start":{"line":70,"column":4},"end":{"line":70,"column":63}},"29":{"start":{"line":74,"column":22},"end":{"line":97,"column":1}},"30":{"start":{"line":76,"column":2},"end":{"line":96,"column":3}},"31":{"start":{"line":77,"column":19},"end":{"line":77,"column":30}},"32":{"start":{"line":78,"column":36},"end":{"line":78,"column":44}},"33":{"start":{"line":80,"column":4},"end":{"line":85,"column":5}},"34":{"start":{"line":81,"column":6},"end":{"line":84,"column":9}},"35":{"start":{"line":87,"column":24},"end":{"line":90,"column":6}},"36":{"start":{"line":92,"column":4},"end":{"line":92,"column":63}},"37":{"start":{"line":94,"column":4},"end":{"line":94,"column":54}},"38":{"start":{"line":95,"column":4},"end":{"line":95,"column":79}},"39":{"start":{"line":99,"column":0},"end":{"line":99,"column":47}}},"fnMap":{"0":{"name":"(anonymous_0)","decl":{"start":{"line":3,"column":19},"end":{"line":3,"column":20}},"loc":{"start":{"line":3,"column":39},"end":{"line":72,"column":1}},"line":3},"1":{"name":"(anonymous_1)","decl":{"start":{"line":26,"column":35},"end":{"line":26,"column":36}},"loc":{"start":{"line":26,"column":40},"end":{"line":65,"column":5}},"line":26},"2":{"name":"(anonymous_2)","decl":{"start":{"line":27,"column":48},"end":{"line":27,"column":49}},"loc":{"start":{"line":27,"column":53},"end":{"line":27,"column":59}},"line":27},"3":{"name":"(anonymous_3)","decl":{"start":{"line":28,"column":55},"end":{"line":28,"column":56}},"loc":{"start":{"line":28,"column":61},"end":{"line":32,"column":7}},"line":28},"4":{"name":"(anonymous_4)","decl":{"start":{"line":35,"column":16},"end":{"line":35,"column":17}},"loc":{"start":{"line":35,"column":21},"end":{"line":35,"column":60}},"line":35},"5":{"name":"(anonymous_5)","decl":{"start":{"line":36,"column":16},"end":{"line":36,"column":17}},"loc":{"start":{"line":36,"column":28},"end":{"line":36,"column":61}},"line":36},"6":{"name":"(anonymous_6)","decl":{"start":{"line":39,"column":16},"end":{"line":39,"column":17}},"loc":{"start":{"line":39,"column":21},"end":{"line":39,"column":55}},"line":39},"7":{"name":"(anonymous_7)","decl":{"start":{"line":40,"column":16},"end":{"line":40,"column":17}},"loc":{"start":{"line":40,"column":28},"end":{"line":40,"column":61}},"line":40},"8":{"name":"(anonymous_8)","decl":{"start":{"line":43,"column":16},"end":{"line":43,"column":17}},"loc":{"start":{"line":43,"column":21},"end":{"line":43,"column":58}},"line":43},"9":{"name":"(anonymous_9)","decl":{"start":{"line":44,"column":16},"end":{"line":44,"column":17}},"loc":{"start":{"line":44,"column":28},"end":{"line":44,"column":61}},"line":44},"10":{"name":"(anonymous_10)","decl":{"start":{"line":47,"column":16},"end":{"line":47,"column":17}},"loc":{"start":{"line":47,"column":21},"end":{"line":47,"column":53}},"line":47},"11":{"name":"(anonymous_11)","decl":{"start":{"line":48,"column":16},"end":{"line":48,"column":17}},"loc":{"start":{"line":48,"column":28},"end":{"line":48,"column":61}},"line":48},"12":{"name":"(anonymous_12)","decl":{"start":{"line":74,"column":22},"end":{"line":74,"column":23}},"loc":{"start":{"line":74,"column":42},"end":{"line":97,"column":1}},"line":74}},"branchMap":{"0":{"loc":{"start":{"line":5,"column":2},"end":{"line":7,"column":3}},"type":"if","locations":[{"start":{"line":5,"column":2},"end":{"line":7,"column":3}},{"start":{},"end":{}}],"line":5},"1":{"loc":{"start":{"line":5,"column":6},"end":{"line":5,"column":31}},"type":"binary-expr","locations":[{"start":{"line":5,"column":6},"end":{"line":5,"column":15}},{"start":{"line":5,"column":19},"end":{"line":5,"column":31}}],"line":5},"2":{"loc":{"start":{"line":80,"column":4},"end":{"line":85,"column":5}},"type":"if","locations":[{"start":{"line":80,"column":4},"end":{"line":85,"column":5}},{"start":{},"end":{}}],"line":80},"3":{"loc":{"start":{"line":80,"column":8},"end":{"line":80,"column":34}},"type":"binary-expr","locations":[{"start":{"line":80,"column":8},"end":{"line":80,"column":13}},{"start":{"line":80,"column":17},"end":{"line":80,"column":23}},{"start":{"line":80,"column":27},"end":{"line":80,"column":34}}],"line":80}},"s":{"0":5,"1":5,"2":1,"3":0,"4":1,"5":1,"6":1,"7":1,"8":1,"9":0,"10":0,"11":0,"12":0,"13":0,"14":0,"15":0,"16":0,"17":0,"18":0,"19":0,"20":0,"21":0,"22":0,"23":0,"24":0,"25":0,"26":1,"27":0,"28":0,"29":5,"30":0,"31":0,"32":0,"33":0,"34":0,"35":0,"36":0,"37":0,"38":0,"39":5},"f":{"0":1,"1":0,"2":0,"3":0,"4":0,"5":0,"6":0,"7":0,"8":0,"9":0,"10":0,"11":0,"12":0},"b":{"0":[0,1],"1":[1,1],"2":[0,0],"3":[0,0,0]},"_coverageSchema":"1a1c01bbd47fc00a2c39e90264f33305004495a9","hash":"51ee68b84b58868d9b7091a31eed32b9fb59ef7a"}
,"C:\\FlutterProjects\\TicketEase\\backend_nodejs\\src\\middleware\\auth.middleware.js": {"path":"C:\\FlutterProjects\\TicketEase\\backend_nodejs\\src\\middleware\\auth.middleware.js","statementMap":{"0":{"start":{"line":2,"column":12},"end":{"line":2,"column":35}},"1":{"start":{"line":3,"column":15},"end":{"line":3,"column":37}},"2":{"start":{"line":5,"column":15},"end":{"line":5,"column":54}},"3":{"start":{"line":7,"column":23},"end":{"line":33,"column":1}},"4":{"start":{"line":8,"column":15},"end":{"line":8,"column":40}},"5":{"start":{"line":9,"column":2},"end":{"line":11,"column":3}},"6":{"start":{"line":10,"column":4},"end":{"line":10,"column":62}},"7":{"start":{"line":13,"column":16},"end":{"line":13,"column":34}},"8":{"start":{"line":14,"column":2},"end":{"line":32,"column":3}},"9":{"start":{"line":15,"column":20},"end":{"line":15,"column":45}},"10":{"start":{"line":16,"column":4},"end":{"line":18,"column":5}},"11":{"start":{"line":17,"column":6},"end":{"line":17,"column":71}},"12":{"start":{"line":20,"column":17},"end":{"line":22,"column":6}},"13":{"start":{"line":23,"column":4},"end":{"line":25,"column":5}},"14":{"start":{"line":24,"column":6},"end":{"line":24,"column":69}},"15":{"start":{"line":26,"column":4},"end":{"line":26,"column":20}},"16":{"start":{"line":28,"column":4},"end":{"line":28,"column":11}},"17":{"start":{"line":30,"column":4},"end":{"line":30,"column":45}},"18":{"start":{"line":31,"column":4},"end":{"line":31,"column":54}},"19":{"start":{"line":35,"column":0},"end":{"line":35,"column":32}}},"fnMap":{"0":{"name":"(anonymous_0)","decl":{"start":{"line":7,"column":23},"end":{"line":7,"column":24}},"loc":{"start":{"line":7,"column":49},"end":{"line":33,"column":1}},"line":7}},"branchMap":{"0":{"loc":{"start":{"line":5,"column":15},"end":{"line":5,"column":54}},"type":"binary-expr","locations":[{"start":{"line":5,"column":15},"end":{"line":5,"column":37}},{"start":{"line":5,"column":41},"end":{"line":5,"column":54}}],"line":5},"1":{"loc":{"start":{"line":9,"column":2},"end":{"line":11,"column":3}},"type":"if","locations":[{"start":{"line":9,"column":2},"end":{"line":11,"column":3}},{"start":{},"end":{}}],"line":9},"2":{"loc":{"start":{"line":9,"column":6},"end":{"line":9,"column":42}},"type":"binary-expr","locations":[{"start":{"line":9,"column":6},"end":{"line":9,"column":11}},{"start":{"line":9,"column":15},"end":{"line":9,"column":42}}],"line":9},"3":{"loc":{"start":{"line":16,"column":4},"end":{"line":18,"column":5}},"type":"if","locations":[{"start":{"line":16,"column":4},"end":{"line":18,"column":5}},{"start":{},"end":{}}],"line":16},"4":{"loc":{"start":{"line":23,"column":4},"end":{"line":25,"column":5}},"type":"if","locations":[{"start":{"line":23,"column":4},"end":{"line":25,"column":5}},{"start":{},"end":{}}],"line":23}},"s":{"0":5,"1":5,"2":5,"3":5,"4":4,"5":4,"6":0,"7":4,"8":4,"9":4,"10":4,"11":0,"12":4,"13":4,"14":0,"15":4,"16":4,"17":0,"18":0,"19":5},"f":{"0":4},"b":{"0":[5,0],"1":[0,4],"2":[4,4],"3":[0,4],"4":[0,4]},"_coverageSchema":"1a1c01bbd47fc00a2c39e90264f33305004495a9","hash":"d5d0e351086898dbfd0b98e1e20fb089c8ed2e63"}
,"C:\\FlutterProjects\\TicketEase\\backend_nodejs\\src\\middleware\\rateLimiter.js": {"path":"C:\\FlutterProjects\\TicketEase\\backend_nodejs\\src\\middleware\\rateLimiter.js","statementMap":{"0":{"start":{"line":1,"column":16},"end":{"line":1,"column":34}},"1":{"start":{"line":2,"column":12},"end":{"line":2,"column":21}},"2":{"start":{"line":3,"column":18},"end":{"line":3,"column":47}},"3":{"start":{"line":5,"column":0},"end":{"line":5,"column":26}},"4":{"start":{"line":7,"column":19},"end":{"line":11,"column":2}},"5":{"start":{"line":13,"column":0},"end":{"line":13,"column":28}}},"fnMap":{},"branchMap":{},"s":{"0":5,"1":5,"2":5,"3":5,"4":5,"5":5},"f":{},"b":{},"_coverageSchema":"1a1c01bbd47fc00a2c39e90264f33305004495a9","hash":"b9297f1496fdeb7d2fd82c0c99af455ea68060c2"}
,"C:\\FlutterProjects\\TicketEase\\backend_nodejs\\src\\routes\\attractions.js": {"path":"C:\\FlutterProjects\\TicketEase\\backend_nodejs\\src\\routes\\attractions.js","statementMap":{"0":{"start":{"line":2,"column":16},"end":{"line":2,"column":34}},"1":{"start":{"line":3,"column":30},"end":{"line":3,"column":80}},"2":{"start":{"line":4,"column":15},"end":{"line":4,"column":31}},"3":{"start":{"line":7,"column":0},"end":{"line":7,"column":66}},"4":{"start":{"line":10,"column":0},"end":{"line":10,"column":57}},"5":{"start":{"line":12,"column":0},"end":{"line":12,"column":24}}},"fnMap":{},"branchMap":{},"s":{"0":5,"1":5,"2":5,"3":5,"4":5,"5":5},"f":{},"b":{},"_coverageSchema":"1a1c01bbd47fc00a2c39e90264f33305004495a9","hash":"6898a32054be728e94f1af7761fa9c768ac14dd7"}
,"C:\\FlutterProjects\\TicketEase\\backend_nodejs\\src\\routes\\auth.js": {"path":"C:\\FlutterProjects\\TicketEase\\backend_nodejs\\src\\routes\\auth.js","statementMap":{"0":{"start":{"line":2,"column":16},"end":{"line":2,"column":34}},"1":{"start":{"line":3,"column":15},"end":{"line":3,"column":31}},"2":{"start":{"line":4,"column":23},"end":{"line":4,"column":63}},"3":{"start":{"line":5,"column":19},"end":{"line":5,"column":55}},"4":{"start":{"line":7,"column":0},"end":{"line":7,"column":46}},"5":{"start":{"line":8,"column":0},"end":{"line":8,"column":44}},"6":{"start":{"line":9,"column":0},"end":{"line":9,"column":67}},"7":{"start":{"line":10,"column":0},"end":{"line":10,"column":57}},"8":{"start":{"line":12,"column":0},"end":{"line":12,"column":24}}},"fnMap":{},"branchMap":{},"s":{"0":5,"1":5,"2":5,"3":5,"4":5,"5":5,"6":5,"7":5,"8":5},"f":{},"b":{},"_coverageSchema":"1a1c01bbd47fc00a2c39e90264f33305004495a9","hash":"6528412c0bb546f5aad5d7998ceda05bf591bac1"}
,"C:\\FlutterProjects\\TicketEase\\backend_nodejs\\src\\routes\\bookings.js": {"path":"C:\\FlutterProjects\\TicketEase\\backend_nodejs\\src\\routes\\bookings.js","statementMap":{"0":{"start":{"line":1,"column":16},"end":{"line":1,"column":34}},"1":{"start":{"line":2,"column":15},"end":{"line":2,"column":31}},"2":{"start":{"line":3,"column":43},"end":{"line":3,"column":86}},"3":{"start":{"line":5,"column":0},"end":{"line":5,"column":32}},"4":{"start":{"line":8,"column":0},"end":{"line":8,"column":37}},"5":{"start":{"line":10,"column":0},"end":{"line":10,"column":24}}},"fnMap":{},"branchMap":{},"s":{"0":5,"1":5,"2":5,"3":5,"4":5,"5":5},"f":{},"b":{},"_coverageSchema":"1a1c01bbd47fc00a2c39e90264f33305004495a9","hash":"b4b326838641f480b7c32d7603de767f4c85b1c7"}
,"C:\\FlutterProjects\\TicketEase\\backend_nodejs\\src\\routes\\entryTickets.js": {"path":"C:\\FlutterProjects\\TicketEase\\backend_nodejs\\src\\routes\\entryTickets.js","statementMap":{"0":{"start":{"line":1,"column":16},"end":{"line":1,"column":34}},"1":{"start":{"line":2,"column":15},"end":{"line":2,"column":31}},"2":{"start":{"line":3,"column":27},"end":{"line":3,"column":75}},"3":{"start":{"line":6,"column":0},"end":{"line":6,"column":36}},"4":{"start":{"line":8,"column":0},"end":{"line":8,"column":24}}},"fnMap":{},"branchMap":{},"s":{"0":5,"1":5,"2":5,"3":5,"4":5},"f":{},"b":{},"_coverageSchema":"1a1c01bbd47fc00a2c39e90264f33305004495a9","hash":"91765539e3fdbe4c53575bbdcc1f7da25bb6e6f0"}
,"C:\\FlutterProjects\\TicketEase\\backend_nodejs\\src\\routes\\movies.js": {"path":"C:\\FlutterProjects\\TicketEase\\backend_nodejs\\src\\routes\\movies.js","statementMap":{"0":{"start":{"line":1,"column":16},"end":{"line":1,"column":34}},"1":{"start":{"line":2,"column":25},"end":{"line":2,"column":70}},"2":{"start":{"line":4,"column":15},"end":{"line":4,"column":31}},"3":{"start":{"line":7,"column":0},"end":{"line":7,"column":56}},"4":{"start":{"line":10,"column":0},"end":{"line":10,"column":47}},"5":{"start":{"line":12,"column":0},"end":{"line":12,"column":24}}},"fnMap":{},"branchMap":{},"s":{"0":5,"1":5,"2":5,"3":5,"4":5,"5":5},"f":{},"b":{},"_coverageSchema":"1a1c01bbd47fc00a2c39e90264f33305004495a9","hash":"732a1bbbae6c36375f925db03fdfb17e85c7fdbf"}
,"C:\\FlutterProjects\\TicketEase\\backend_nodejs\\src\\routes\\news.js": {"path":"C:\\FlutterProjects\\TicketEase\\backend_nodejs\\src\\routes\\news.js","statementMap":{"0":{"start":{"line":1,"column":16},"end":{"line":1,"column":34}},"1":{"start":{"line":2,"column":15},"end":{"line":2,"column":31}},"2":{"start":{"line":3,"column":23},"end":{"line":3,"column":66}},"3":{"start":{"line":6,"column":0},"end":{"line":6,"column":46}},"4":{"start":{"line":9,"column":0},"end":{"line":9,"column":43}},"5":{"start":{"line":12,"column":0},"end":{"line":12,"column":24}}},"fnMap":{},"branchMap":{},"s":{"0":5,"1":5,"2":5,"3":5,"4":5,"5":5},"f":{},"b":{},"_coverageSchema":"1a1c01bbd47fc00a2c39e90264f33305004495a9","hash":"b42d191df101914ca973a28d3d1e55e453ff07f1"}
,"C:\\FlutterProjects\\TicketEase\\backend_nodejs\\src\\routes\\notifications.js": {"path":"C:\\FlutterProjects\\TicketEase\\backend_nodejs\\src\\routes\\notifications.js","statementMap":{"0":{"start":{"line":3,"column":16},"end":{"line":3,"column":34}},"1":{"start":{"line":4,"column":15},"end":{"line":4,"column":31}},"2":{"start":{"line":7,"column":13},"end":{"line":7,"column":64}},"3":{"start":{"line":9,"column":0},"end":{"line":9,"column":42}},"4":{"start":{"line":10,"column":0},"end":{"line":10,"column":43}},"5":{"start":{"line":11,"column":0},"end":{"line":11,"column":56}},"6":{"start":{"line":12,"column":0},"end":{"line":12,"column":61}},"7":{"start":{"line":14,"column":0},"end":{"line":14,"column":24}}},"fnMap":{},"branchMap":{},"s":{"0":5,"1":5,"2":5,"3":5,"4":5,"5":5,"6":5,"7":5},"f":{},"b":{},"_coverageSchema":"1a1c01bbd47fc00a2c39e90264f33305004495a9","hash":"b002d0da570693036bd30d2100a2d9a2098198af"}
,"C:\\FlutterProjects\\TicketEase\\backend_nodejs\\src\\routes\\outreach.js": {"path":"C:\\FlutterProjects\\TicketEase\\backend_nodejs\\src\\routes\\outreach.js","statementMap":{"0":{"start":{"line":1,"column":16},"end":{"line":1,"column":34}},"1":{"start":{"line":2,"column":15},"end":{"line":2,"column":31}},"2":{"start":{"line":4,"column":27},"end":{"line":4,"column":74}},"3":{"start":{"line":7,"column":0},"end":{"line":7,"column":61}},"4":{"start":{"line":10,"column":0},"end":{"line":10,"column":52}},"5":{"start":{"line":13,"column":0},"end":{"line":13,"column":24}}},"fnMap":{},"branchMap":{},"s":{"0":5,"1":5,"2":5,"3":5,"4":5,"5":5},"f":{},"b":{},"_coverageSchema":"1a1c01bbd47fc00a2c39e90264f33305004495a9","hash":"5f8fb56edf48b5014210b2ce90d4074c4a5bb8b2"}
,"C:\\FlutterProjects\\TicketEase\\backend_nodejs\\src\\routes\\parkingOptions.js": {"path":"C:\\FlutterProjects\\TicketEase\\backend_nodejs\\src\\routes\\parkingOptions.js","statementMap":{"0":{"start":{"line":1,"column":16},"end":{"line":1,"column":34}},"1":{"start":{"line":2,"column":15},"end":{"line":2,"column":31}},"2":{"start":{"line":3,"column":29},"end":{"line":3,"column":79}},"3":{"start":{"line":5,"column":0},"end":{"line":5,"column":38}},"4":{"start":{"line":7,"column":0},"end":{"line":7,"column":24}}},"fnMap":{},"branchMap":{},"s":{"0":5,"1":5,"2":5,"3":5,"4":5},"f":{},"b":{},"_coverageSchema":"1a1c01bbd47fc00a2c39e90264f33305004495a9","hash":"112e80ab6b0544983a44d402305ac0743dd387d5"}
,"C:\\FlutterProjects\\TicketEase\\backend_nodejs\\src\\routes\\payments.js": {"path":"C:\\FlutterProjects\\TicketEase\\backend_nodejs\\src\\routes\\payments.js","statementMap":{"0":{"start":{"line":1,"column":16},"end":{"line":1,"column":34}},"1":{"start":{"line":2,"column":15},"end":{"line":2,"column":31}},"2":{"start":{"line":3,"column":26},"end":{"line":3,"column":69}},"3":{"start":{"line":5,"column":0},"end":{"line":5,"column":32}},"4":{"start":{"line":7,"column":0},"end":{"line":7,"column":24}}},"fnMap":{},"branchMap":{},"s":{"0":5,"1":5,"2":5,"3":5,"4":5},"f":{},"b":{},"_coverageSchema":"1a1c01bbd47fc00a2c39e90264f33305004495a9","hash":"28279ff26bb75056f7f416d560352fc6daca40cf"}
,"C:\\FlutterProjects\\TicketEase\\backend_nodejs\\src\\routes\\userProfile.js": {"path":"C:\\FlutterProjects\\TicketEase\\backend_nodejs\\src\\routes\\userProfile.js","statementMap":{"0":{"start":{"line":1,"column":16},"end":{"line":1,"column":34}},"1":{"start":{"line":2,"column":15},"end":{"line":2,"column":31}},"2":{"start":{"line":3,"column":38},"end":{"line":3,"column":78}},"3":{"start":{"line":5,"column":0},"end":{"line":5,"column":28}},"4":{"start":{"line":6,"column":0},"end":{"line":6,"column":31}},"5":{"start":{"line":8,"column":0},"end":{"line":8,"column":24}}},"fnMap":{},"branchMap":{},"s":{"0":5,"1":5,"2":5,"3":5,"4":5,"5":5},"f":{},"b":{},"_coverageSchema":"1a1c01bbd47fc00a2c39e90264f33305004495a9","hash":"2fb40b626b5c66c8246d6fca793f04dfeeb4bdbf"}
,"C:\\FlutterProjects\\TicketEase\\backend_nodejs\\src\\services\\email.service.js": {"path":"C:\\FlutterProjects\\TicketEase\\backend_nodejs\\src\\services\\email.service.js","statementMap":{"0":{"start":{"line":3,"column":19},"end":{"line":3,"column":40}},"1":{"start":{"line":5,"column":20},"end":{"line":13,"column":2}},"2":{"start":{"line":16,"column":2},"end":{"line":21,"column":5}},"3":{"start":{"line":24,"column":0},"end":{"line":24,"column":31}}},"fnMap":{"0":{"name":"sendEmail","decl":{"start":{"line":15,"column":15},"end":{"line":15,"column":24}},"loc":{"start":{"line":15,"column":37},"end":{"line":22,"column":1}},"line":15}},"branchMap":{},"s":{"0":6,"1":6,"2":5,"3":6},"f":{"0":5},"b":{},"_coverageSchema":"1a1c01bbd47fc00a2c39e90264f33305004495a9","hash":"6c67b08f0c883e96b8a980896f03a31131615689"}
,"C:\\FlutterProjects\\TicketEase\\backend_nodejs\\src\\services\\otp.service.js": {"path":"C:\\FlutterProjects\\TicketEase\\backend_nodejs\\src\\services\\otp.service.js","statementMap":{"0":{"start":{"line":3,"column":15},"end":{"line":3,"column":32}},"1":{"start":{"line":4,"column":25},"end":{"line":4,"column":50}},"2":{"start":{"line":5,"column":15},"end":{"line":5,"column":33}},"3":{"start":{"line":8,"column":2},"end":{"line":8,"column":60}},"4":{"start":{"line":12,"column":2},"end":{"line":12,"column":63}},"5":{"start":{"line":16,"column":17},"end":{"line":16,"column":29}},"6":{"start":{"line":17,"column":17},"end":{"line":17,"column":53}},"7":{"start":{"line":19,"column":2},"end":{"line":21,"column":5}},"8":{"start":{"line":25,"column":17},"end":{"line":25,"column":29}},"9":{"start":{"line":27,"column":17},"end":{"line":34,"column":4}},"10":{"start":{"line":36,"column":2},"end":{"line":36,"column":25}},"11":{"start":{"line":43,"column":0},"end":{"line":43,"column":62}}},"fnMap":{"0":{"name":"generateOtp","decl":{"start":{"line":7,"column":9},"end":{"line":7,"column":20}},"loc":{"start":{"line":7,"column":23},"end":{"line":9,"column":1}},"line":7},"1":{"name":"hashOtp","decl":{"start":{"line":11,"column":9},"end":{"line":11,"column":16}},"loc":{"start":{"line":11,"column":22},"end":{"line":13,"column":1}},"line":11},"2":{"name":"saveOtp","decl":{"start":{"line":15,"column":15},"end":{"line":15,"column":22}},"loc":{"start":{"line":15,"column":40},"end":{"line":22,"column":1}},"line":15},"3":{"name":"verifyOtp","decl":{"start":{"line":24,"column":15},"end":{"line":24,"column":24}},"loc":{"start":{"line":24,"column":42},"end":{"line":41,"column":1}},"line":24}},"branchMap":{},"s":{"0":5,"1":5,"2":5,"3":2,"4":3,"5":2,"6":2,"7":2,"8":1,"9":1,"10":1,"11":5},"f":{"0":2,"1":3,"2":2,"3":1},"b":{},"_coverageSchema":"1a1c01bbd47fc00a2c39e90264f33305004495a9","hash":"fb1263f98f8e2353005919f3c1e0ab4ec64517bb"}
,"C:\\FlutterProjects\\TicketEase\\backend_nodejs\\src\\utils\\db.js": {"path":"C:\\FlutterProjects\\TicketEase\\backend_nodejs\\src\\utils\\db.js","statementMap":{"0":{"start":{"line":2,"column":25},"end":{"line":2,"column":50}},"1":{"start":{"line":3,"column":15},"end":{"line":3,"column":33}},"2":{"start":{"line":5,"column":0},"end":{"line":5,"column":24}}},"fnMap":{},"branchMap":{},"s":{"0":5,"1":5,"2":5},"f":{},"b":{},"_coverageSchema":"1a1c01bbd47fc00a2c39e90264f33305004495a9","hash":"51e7b88665af48a5b1974ebd9fdcd7106f4481e6"}
,"C:\\FlutterProjects\\TicketEase\\backend_nodejs\\src\\utils\\jwt.js": {"path":"C:\\FlutterProjects\\TicketEase\\backend_nodejs\\src\\utils\\jwt.js","statementMap":{"0":{"start":{"line":2,"column":12},"end":{"line":2,"column":35}},"1":{"start":{"line":11,"column":2},"end":{"line":11,"column":91}},"2":{"start":{"line":15,"column":2},"end":{"line":15,"column":70}},"3":{"start":{"line":18,"column":0},"end":{"line":18,"column":47}}},"fnMap":{"0":{"name":"generateToken","decl":{"start":{"line":10,"column":9},"end":{"line":10,"column":22}},"loc":{"start":{"line":10,"column":32},"end":{"line":12,"column":1}},"line":10},"1":{"name":"verifyToken","decl":{"start":{"line":14,"column":9},"end":{"line":14,"column":20}},"loc":{"start":{"line":14,"column":28},"end":{"line":16,"column":1}},"line":14}},"branchMap":{"0":{"loc":{"start":{"line":11,"column":27},"end":{"line":11,"column":68}},"type":"binary-expr","locations":[{"start":{"line":11,"column":27},"end":{"line":11,"column":49}},{"start":{"line":11,"column":53},"end":{"line":11,"column":68}}],"line":11},"1":{"loc":{"start":{"line":15,"column":27},"end":{"line":15,"column":68}},"type":"binary-expr","locations":[{"start":{"line":15,"column":27},"end":{"line":15,"column":49}},{"start":{"line":15,"column":53},"end":{"line":15,"column":68}}],"line":15}},"s":{"0":1,"1":2,"2":1,"3":1},"f":{"0":2,"1":1},"b":{"0":[2,0],"1":[1,0]},"_coverageSchema":"1a1c01bbd47fc00a2c39e90264f33305004495a9","hash":"57c5735d0d1a856702f64a0b4ac60d80a6ca2bfc"}
,"C:\\FlutterProjects\\TicketEase\\backend_nodejs\\src\\utils\\validators.js": {"path":"C:\\FlutterProjects\\TicketEase\\backend_nodejs\\src\\utils\\validators.js","statementMap":{"0":{"start":{"line":1,"column":21},"end":{"line":3,"column":1}},"1":{"start":{"line":2,"column":2},"end":{"line":2,"column":83}},"2":{"start":{"line":5,"column":22},"end":{"line":7,"column":1}},"3":{"start":{"line":6,"column":2},"end":{"line":6,"column":36}},"4":{"start":{"line":9,"column":0},"end":{"line":9,"column":49}}},"fnMap":{"0":{"name":"(anonymous_0)","decl":{"start":{"line":1,"column":21},"end":{"line":1,"column":22}},"loc":{"start":{"line":1,"column":32},"end":{"line":3,"column":1}},"line":1},"1":{"name":"(anonymous_1)","decl":{"start":{"line":5,"column":22},"end":{"line":5,"column":23}},"loc":{"start":{"line":5,"column":34},"end":{"line":7,"column":1}},"line":5}},"branchMap":{},"s":{"0":5,"1":3,"2":5,"3":3,"4":5},"f":{"0":3,"1":3},"b":{},"_coverageSchema":"1a1c01bbd47fc00a2c39e90264f33305004495a9","hash":"eb5eb00ae304fa897fced59fdf719dde680677b6"}
}
